# JRE version: OpenJDK Runtime Environment (8.0_242-b01) (build 1.8.0_242-release-1644-b01)
# Java VM: OpenJDK 64-Bit Server VM (25.242-b01 mixed mode windows-amd64 compressed oops)
Heap:
 PSYoungGen      total 302592K, used 161507K [0x00000000d5580000, 0x00000000e9e80000, 0x0000000100000000)
  eden space 270336K, 52% used [0x00000000d5580000,0x00000000ddee2568,0x00000000e5d80000)
  from space 32256K, 64% used [0x00000000e7f00000,0x00000000e9356780,0x00000000e9e80000)
  to   space 33280K, 0% used [0x00000000e5d80000,0x00000000e5d80000,0x00000000e7e00000)
 ParOldGen       total 117248K, used 66212K [0x0000000080000000, 0x0000000087280000, 0x00000000d5580000)
  object space 117248K, 56% used [0x0000000080000000,0x00000000840a9108,0x0000000087280000)
 Metaspace       used 93610K, capacity 99702K, committed 99864K, reserved 1136640K
  class space    used 12146K, capacity 13278K, committed 13360K, reserved 1048576K
GC Heap History (10 events):
Event: 682.274 GC heap before
{Heap before GC invocations=28 (full 4):
 PSYoungGen      total 279040K, used 260252K [0x00000000d5580000, 0x00000000e9b80000, 0x0000000100000000)
  eden space 240640K, 100% used [0x00000000d5580000,0x00000000e4080000,0x00000000e4080000)
  from space 38400K, 51% used [0x00000000e4080000,0x00000000e53a7018,0x00000000e6600000)
  to   space 37376K, 0% used [0x00000000e7700000,0x00000000e7700000,0x00000000e9b80000)
 ParOldGen       total 117248K, used 66180K [0x0000000080000000, 0x0000000087280000, 0x00000000d5580000)
  object space 117248K, 56% used [0x0000000080000000,0x00000000840a1108,0x0000000087280000)
 Metaspace       used 90607K, capacity 95408K, committed 95512K, reserved 1132544K
  class space    used 11885K, capacity 12805K, committed 12848K, reserved 1048576K
Event: 682.375 GC heap after
Heap after GC invocations=28 (full 4):
 PSYoungGen      total 287232K, used 15767K [0x00000000d5580000, 0x00000000e9580000, 0x0000000100000000)
  eden space 256000K, 0% used [0x00000000d5580000,0x00000000d5580000,0x00000000e4f80000)
  from space 31232K, 50% used [0x00000000e7700000,0x00000000e8665da0,0x00000000e9580000)
  to   space 35840K, 0% used [0x00000000e4f80000,0x00000000e4f80000,0x00000000e7280000)
 ParOldGen       total 117248K, used 66188K [0x0000000080000000, 0x0000000087280000, 0x00000000d5580000)
  object space 117248K, 56% used [0x0000000080000000,0x00000000840a3108,0x0000000087280000)
 Metaspace       used 90607K, capacity 95408K, committed 95512K, reserved 1132544K
  class space    used 11885K, capacity 12805K, committed 12848K, reserved 1048576K
}
Event: 843.097 GC heap before
{Heap before GC invocations=29 (full 4):
 PSYoungGen      total 287232K, used 271767K [0x00000000d5580000, 0x00000000e9580000, 0x0000000100000000)
  eden space 256000K, 100% used [0x00000000d5580000,0x00000000e4f80000,0x00000000e4f80000)
  from space 31232K, 50% used [0x00000000e7700000,0x00000000e8665da0,0x00000000e9580000)
  to   space 35840K, 0% used [0x00000000e4f80000,0x00000000e4f80000,0x00000000e7280000)
 ParOldGen       total 117248K, used 66188K [0x0000000080000000, 0x0000000087280000, 0x00000000d5580000)
  object space 117248K, 56% used [0x0000000080000000,0x00000000840a3108,0x0000000087280000)
 Metaspace       used 91626K, capacity 97290K, committed 97560K, reserved 1134592K
  class space    used 12019K, capacity 13052K, committed 13104K, reserved 1048576K
Event: 843.228 GC heap after
Heap after GC invocations=29 (full 4):
 PSYoungGen      total 291840K, used 21719K [0x00000000d5580000, 0x00000000e9f80000, 0x0000000100000000)
  eden space 256000K, 0% used [0x00000000d5580000,0x00000000d5580000,0x00000000e4f80000)
  from space 35840K, 60% used [0x00000000e4f80000,0x00000000e64b5c50,0x00000000e7280000)
  to   space 35840K, 0% used [0x00000000e7c80000,0x00000000e7c80000,0x00000000e9f80000)
 ParOldGen       total 117248K, used 66196K [0x0000000080000000, 0x0000000087280000, 0x00000000d5580000)
  object space 117248K, 56% used [0x0000000080000000,0x00000000840a5108,0x0000000087280000)
 Metaspace       used 91626K, capacity 97290K, committed 97560K, reserved 1134592K
  class space    used 12019K, capacity 13052K, committed 13104K, reserved 1048576K
}
Event: 1038.966 GC heap before
{Heap before GC invocations=30 (full 4):
 PSYoungGen      total 291840K, used 277719K [0x00000000d5580000, 0x00000000e9f80000, 0x0000000100000000)
  eden space 256000K, 100% used [0x00000000d5580000,0x00000000e4f80000,0x00000000e4f80000)
  from space 35840K, 60% used [0x00000000e4f80000,0x00000000e64b5c50,0x00000000e7280000)
  to   space 35840K, 0% used [0x00000000e7c80000,0x00000000e7c80000,0x00000000e9f80000)
 ParOldGen       total 117248K, used 66196K [0x0000000080000000, 0x0000000087280000, 0x00000000d5580000)
  object space 117248K, 56% used [0x0000000080000000,0x00000000840a5108,0x0000000087280000)
 Metaspace       used 92347K, capacity 98318K, committed 98456K, reserved 1134592K
  class space    used 12078K, capacity 13158K, committed 13232K, reserved 1048576K
Event: 1039.121 GC heap after
Heap after GC invocations=30 (full 4):
 PSYoungGen      total 295936K, used 11142K [0x00000000d5580000, 0x00000000e9b80000, 0x0000000100000000)
  eden space 264192K, 0% used [0x00000000d5580000,0x00000000d5580000,0x00000000e5780000)
  from space 31744K, 35% used [0x00000000e7c80000,0x00000000e8761b10,0x00000000e9b80000)
  to   space 34816K, 0% used [0x00000000e5780000,0x00000000e5780000,0x00000000e7980000)
 ParOldGen       total 117248K, used 66196K [0x0000000080000000, 0x0000000087280000, 0x00000000d5580000)
  object space 117248K, 56% used [0x0000000080000000,0x00000000840a5108,0x0000000087280000)
 Metaspace       used 92347K, capacity 98318K, committed 98456K, reserved 1134592K
  class space    used 12078K, capacity 13158K, committed 13232K, reserved 1048576K
}
Event: 1123.327 GC heap before
{Heap before GC invocations=31 (full 4):
 PSYoungGen      total 295936K, used 275334K [0x00000000d5580000, 0x00000000e9b80000, 0x0000000100000000)
  eden space 264192K, 100% used [0x00000000d5580000,0x00000000e5780000,0x00000000e5780000)
  from space 31744K, 35% used [0x00000000e7c80000,0x00000000e8761b10,0x00000000e9b80000)
  to   space 34816K, 0% used [0x00000000e5780000,0x00000000e5780000,0x00000000e7980000)
 ParOldGen       total 117248K, used 66196K [0x0000000080000000, 0x0000000087280000, 0x00000000d5580000)
  object space 117248K, 56% used [0x0000000080000000,0x00000000840a5108,0x0000000087280000)
 Metaspace       used 92764K, capacity 98766K, committed 98968K, reserved 1134592K
  class space    used 12100K, capacity 13198K, committed 13232K, reserved 1048576K
Event: 1123.462 GC heap after
Heap after GC invocations=31 (full 4):
 PSYoungGen      total 299008K, used 15175K [0x00000000d5580000, 0x00000000e9f80000, 0x0000000100000000)
  eden space 264192K, 0% used [0x00000000d5580000,0x00000000d5580000,0x00000000e5780000)
  from space 34816K, 43% used [0x00000000e5780000,0x00000000e6651e58,0x00000000e7980000)
  to   space 33280K, 0% used [0x00000000e7f00000,0x00000000e7f00000,0x00000000e9f80000)
 ParOldGen       total 117248K, used 66204K [0x0000000080000000, 0x0000000087280000, 0x00000000d5580000)
  object space 117248K, 56% used [0x0000000080000000,0x00000000840a7108,0x0000000087280000)
 Metaspace       used 92764K, capacity 98766K, committed 98968K, reserved 1134592K
  class space    used 12100K, capacity 13198K, committed 13232K, reserved 1048576K
}
Event: 1407.471 GC heap before
{Heap before GC invocations=32 (full 4):
 PSYoungGen      total 299008K, used 279367K [0x00000000d5580000, 0x00000000e9f80000, 0x0000000100000000)
  eden space 264192K, 100% used [0x00000000d5580000,0x00000000e5780000,0x00000000e5780000)
  from space 34816K, 43% used [0x00000000e5780000,0x00000000e6651e58,0x00000000e7980000)
  to   space 33280K, 0% used [0x00000000e7f00000,0x00000000e7f00000,0x00000000e9f80000)
 ParOldGen       total 117248K, used 66204K [0x0000000080000000, 0x0000000087280000, 0x00000000d5580000)
  object space 117248K, 56% used [0x0000000080000000,0x00000000840a7108,0x0000000087280000)
 Metaspace       used 93256K, capacity 99272K, committed 99608K, reserved 1136640K
  class space    used 12124K, capacity 13240K, committed 13360K, reserved 1048576K
Event: 1407.570 GC heap after
Heap after GC invocations=32 (full 4):
 PSYoungGen      total 302592K, used 20825K [0x00000000d5580000, 0x00000000e9e80000, 0x0000000100000000)
  eden space 270336K, 0% used [0x00000000d5580000,0x00000000d5580000,0x00000000e5d80000)
  from space 32256K, 64% used [0x00000000e7f00000,0x00000000e9356780,0x00000000e9e80000)
  to   space 33280K, 0% used [0x00000000e5d80000,0x00000000e5d80000,0x00000000e7e00000)
 ParOldGen       total 117248K, used 66212K [0x0000000080000000, 0x0000000087280000, 0x00000000d5580000)
  object space 117248K, 56% used [0x0000000080000000,0x00000000840a9108,0x0000000087280000)
 Metaspace       used 93256K, capacity 99272K, committed 99608K, reserved 1136640K
  class space    used 12124K, capacity 13240K, committed 13360K, reserved 1048576K
}

