# JRE version: OpenJDK Runtime Environment (8.0_242-b01) (build 1.8.0_242-release-1644-b01)
# Java VM: OpenJDK 64-Bit Server VM (25.242-b01 mixed mode windows-amd64 compressed oops)
Heap:
 PSYoungGen      total 567808K, used 55269K [0x00000000d5580000, 0x00000000fe100000, 0x0000000100000000)
  eden space 531968K, 7% used [0x00000000d5580000,0x00000000d7c8a630,0x00000000f5d00000)
  from space 35840K, 42% used [0x00000000f9700000,0x00000000fa5ef000,0x00000000fba00000)
  to   space 59392K, 0% used [0x00000000f5d00000,0x00000000f5d00000,0x00000000f9700000)
 ParOldGen       total 114176K, used 113973K [0x0000000080000000, 0x0000000086f80000, 0x00000000d5580000)
  object space 114176K, 99% used [0x0000000080000000,0x0000000086f4d5f0,0x0000000086f80000)
 Metaspace       used 91653K, capacity 95868K, committed 96048K, reserved 1134592K
  class space    used 11751K, capacity 12515K, committed 12592K, reserved 1048576K
GC Heap History (10 events):
Event: 230.565 GC heap before
{Heap before GC invocations=44 (full 4):
 PSYoungGen      total 532480K, used 528125K [0x00000000d5580000, 0x00000000f7b00000, 0x0000000100000000)
  eden space 502272K, 100% used [0x00000000d5580000,0x00000000f4000000,0x00000000f4000000)
  from space 30208K, 85% used [0x00000000f4000000,0x00000000f593f7d0,0x00000000f5d80000)
  to   space 26624K, 0% used [0x00000000f6100000,0x00000000f6100000,0x00000000f7b00000)
 ParOldGen       total 103936K, used 87809K [0x0000000080000000, 0x0000000086580000, 0x00000000d5580000)
  object space 103936K, 84% used [0x0000000080000000,0x00000000855c06f8,0x0000000086580000)
 Metaspace       used 86778K, capacity 90750K, committed 90800K, reserved 1128448K
  class space    used 11384K, capacity 12158K, committed 12208K, reserved 1048576K
Event: 231.048 GC heap after
Heap after GC invocations=44 (full 4):
 PSYoungGen      total 525312K, used 25456K [0x00000000d5580000, 0x00000000fca80000, 0x0000000100000000)
  eden space 498688K, 0% used [0x00000000d5580000,0x00000000d5580000,0x00000000f3c80000)
  from space 26624K, 95% used [0x00000000f6100000,0x00000000f79dc020,0x00000000f7b00000)
  to   space 37376K, 0% used [0x00000000f3c80000,0x00000000f3c80000,0x00000000f6100000)
 ParOldGen       total 103936K, used 87817K [0x0000000080000000, 0x0000000086580000, 0x00000000d5580000)
  object space 103936K, 84% used [0x0000000080000000,0x00000000855c26f8,0x0000000086580000)
 Metaspace       used 86778K, capacity 90750K, committed 90800K, reserved 1128448K
  class space    used 11384K, capacity 12158K, committed 12208K, reserved 1048576K
}
Event: 237.397 GC heap before
{Heap before GC invocations=45 (full 4):
 PSYoungGen      total 525312K, used 86530K [0x00000000d5580000, 0x00000000fca80000, 0x0000000100000000)
  eden space 498688K, 12% used [0x00000000d5580000,0x00000000d91249e8,0x00000000f3c80000)
  from space 26624K, 95% used [0x00000000f6100000,0x00000000f79dc020,0x00000000f7b00000)
  to   space 37376K, 0% used [0x00000000f3c80000,0x00000000f3c80000,0x00000000f6100000)
 ParOldGen       total 103936K, used 87817K [0x0000000080000000, 0x0000000086580000, 0x00000000d5580000)
  object space 103936K, 84% used [0x0000000080000000,0x00000000855c26f8,0x0000000086580000)
 Metaspace       used 87293K, capacity 91282K, committed 91440K, reserved 1132544K
  class space    used 11446K, capacity 12212K, committed 12336K, reserved 1048576K
Event: 237.559 GC heap after
Heap after GC invocations=45 (full 4):
 PSYoungGen      total 536064K, used 11977K [0x00000000d5580000, 0x00000000fba00000, 0x0000000100000000)
  eden space 498688K, 0% used [0x00000000d5580000,0x00000000d5580000,0x00000000f3c80000)
  from space 37376K, 32% used [0x00000000f3c80000,0x00000000f4832508,0x00000000f6100000)
  to   space 35840K, 0% used [0x00000000f9700000,0x00000000f9700000,0x00000000fba00000)
 ParOldGen       total 103936K, used 87881K [0x0000000080000000, 0x0000000086580000, 0x00000000d5580000)
  object space 103936K, 84% used [0x0000000080000000,0x00000000855d26f8,0x0000000086580000)
 Metaspace       used 87293K, capacity 91282K, committed 91440K, reserved 1132544K
  class space    used 11446K, capacity 12212K, committed 12336K, reserved 1048576K
}
Event: 237.559 GC heap before
{Heap before GC invocations=46 (full 5):
 PSYoungGen      total 536064K, used 11977K [0x00000000d5580000, 0x00000000fba00000, 0x0000000100000000)
  eden space 498688K, 0% used [0x00000000d5580000,0x00000000d5580000,0x00000000f3c80000)
  from space 37376K, 32% used [0x00000000f3c80000,0x00000000f4832508,0x00000000f6100000)
  to   space 35840K, 0% used [0x00000000f9700000,0x00000000f9700000,0x00000000fba00000)
 ParOldGen       total 103936K, used 87881K [0x0000000080000000, 0x0000000086580000, 0x00000000d5580000)
  object space 103936K, 84% used [0x0000000080000000,0x00000000855d26f8,0x0000000086580000)
 Metaspace       used 87293K, capacity 91282K, committed 91440K, reserved 1132544K
  class space    used 11446K, capacity 12212K, committed 12336K, reserved 1048576K
Event: 242.649 GC heap after
Heap after GC invocations=46 (full 5):
 PSYoungGen      total 536064K, used 0K [0x00000000d5580000, 0x00000000fba00000, 0x0000000100000000)
  eden space 498688K, 0% used [0x00000000d5580000,0x00000000d5580000,0x00000000f3c80000)
  from space 37376K, 0% used [0x00000000f3c80000,0x00000000f3c80000,0x00000000f6100000)
  to   space 35840K, 0% used [0x00000000f9700000,0x00000000f9700000,0x00000000fba00000)
 ParOldGen       total 114176K, used 59795K [0x0000000080000000, 0x0000000086f80000, 0x00000000d5580000)
  object space 114176K, 52% used [0x0000000080000000,0x0000000083a64e90,0x0000000086f80000)
 Metaspace       used 87040K, capacity 90972K, committed 91440K, reserved 1130496K
  class space    used 11423K, capacity 12171K, committed 12336K, reserved 1048576K
}
Event: 801.065 GC heap before
{Heap before GC invocations=47 (full 5):
 PSYoungGen      total 536064K, used 498688K [0x00000000d5580000, 0x00000000fba00000, 0x0000000100000000)
  eden space 498688K, 100% used [0x00000000d5580000,0x00000000f3c80000,0x00000000f3c80000)
  from space 37376K, 0% used [0x00000000f3c80000,0x00000000f3c80000,0x00000000f6100000)
  to   space 35840K, 0% used [0x00000000f9700000,0x00000000f9700000,0x00000000fba00000)
 ParOldGen       total 114176K, used 59795K [0x0000000080000000, 0x0000000086f80000, 0x00000000d5580000)
  object space 114176K, 52% used [0x0000000080000000,0x0000000083a64e90,0x0000000086f80000)
 Metaspace       used 91601K, capacity 95838K, committed 96048K, reserved 1134592K
  class space    used 11746K, capacity 12510K, committed 12592K, reserved 1048576K
Event: 802.183 GC heap after
Heap after GC invocations=47 (full 5):
 PSYoungGen      total 567808K, used 35836K [0x00000000d5580000, 0x00000000fe100000, 0x0000000100000000)
  eden space 531968K, 0% used [0x00000000d5580000,0x00000000d5580000,0x00000000f5d00000)
  from space 35840K, 99% used [0x00000000f9700000,0x00000000fb9ff1b8,0x00000000fba00000)
  to   space 59392K, 0% used [0x00000000f5d00000,0x00000000f5d00000,0x00000000f9700000)
 ParOldGen       total 114176K, used 108593K [0x0000000080000000, 0x0000000086f80000, 0x00000000d5580000)
  object space 114176K, 95% used [0x0000000080000000,0x0000000086a0c408,0x0000000086f80000)
 Metaspace       used 91601K, capacity 95838K, committed 96048K, reserved 1134592K
  class space    used 11746K, capacity 12510K, committed 12592K, reserved 1048576K
}
Event: 802.183 GC heap before
{Heap before GC invocations=48 (full 6):
 PSYoungGen      total 567808K, used 35836K [0x00000000d5580000, 0x00000000fe100000, 0x0000000100000000)
  eden space 531968K, 0% used [0x00000000d5580000,0x00000000d5580000,0x00000000f5d00000)
  from space 35840K, 99% used [0x00000000f9700000,0x00000000fb9ff1b8,0x00000000fba00000)
  to   space 59392K, 0% used [0x00000000f5d00000,0x00000000f5d00000,0x00000000f9700000)
 ParOldGen       total 114176K, used 108593K [0x0000000080000000, 0x0000000086f80000, 0x00000000d5580000)
  object space 114176K, 95% used [0x0000000080000000,0x0000000086a0c408,0x0000000086f80000)
 Metaspace       used 91601K, capacity 95838K, committed 96048K, reserved 1134592K
  class space    used 11746K, capacity 12510K, committed 12592K, reserved 1048576K
Event: 805.632 GC heap after
Heap after GC invocations=48 (full 6):
 PSYoungGen      total 567808K, used 15292K [0x00000000d5580000, 0x00000000fe100000, 0x0000000100000000)
  eden space 531968K, 0% used [0x00000000d5580000,0x00000000d5580000,0x00000000f5d00000)
  from space 35840K, 42% used [0x00000000f9700000,0x00000000fa5ef000,0x00000000fba00000)
  to   space 59392K, 0% used [0x00000000f5d00000,0x00000000f5d00000,0x00000000f9700000)
 ParOldGen       total 114176K, used 113973K [0x0000000080000000, 0x0000000086f80000, 0x00000000d5580000)
  object space 114176K, 99% used [0x0000000080000000,0x0000000086f4d5f0,0x0000000086f80000)
 Metaspace       used 91601K, capacity 95838K, committed 96048K, reserved 1134592K
  class space    used 11746K, capacity 12510K, committed 12592K, reserved 1048576K
}

